<?xml version="1.0" encoding="UTF-8"?>
<testsuite xmlns:xsi="http://www.w3.org/2001/XMLSchema-instance" xsi:noNamespaceSchemaLocation="https://maven.apache.org/surefire/maven-surefire-plugin/xsd/surefire-test-report.xsd" name="org.example.controller.PositionsControllerTest" time="0.023" tests="3" errors="0" skipped="0" failures="0">
  <properties>
[...]
</properties>
  <testcase name="addPosition" classname="org.example.controller.PositionsControllerTest" time="0.007"/>
  <testcase name="getPositionByID" classname="org.example.controller.PositionsControllerTest" time="0.006"/>
  <testcase name="getPositionByName" classname="org.example.controller.PositionsControllerTest" time="0.008"/>
</testsuite>